<?xml version="1.0" encoding="UTF-8"?>
<testng-results skipped="0" failed="0" ignored="0" total="1" passed="1">
  <reporter-output>
  </reporter-output>
  <suite name="Default suite" duration-ms="33807" started-at="2018-09-28T06:06:00Z" finished-at="2018-09-28T06:06:34Z">
    <groups>
    </groups>
    <test name="Default test" duration-ms="33807" started-at="2018-09-28T06:06:00Z" finished-at="2018-09-28T06:06:34Z">
      <class name="com.test.Testcase1">
        <test-method status="PASS" signature="setUp()[pri:0, instance:com.test.Testcase1@457e2f02]" name="setUp" is-config="true" duration-ms="17067" started-at="2018-09-28T11:36:00Z" finished-at="2018-09-28T11:36:17Z">
          <reporter-output>
          </reporter-output>
        </test-method> <!-- setUp -->
        <test-method status="PASS" signature="loginPageTestMethod1()[pri:0, instance:com.test.Testcase1@457e2f02]" name="loginPageTestMethod1" duration-ms="15824" started-at="2018-09-28T11:36:17Z" finished-at="2018-09-28T11:36:33Z">
          <reporter-output>
          </reporter-output>
        </test-method> <!-- loginPageTestMethod1 -->
        <test-method status="PASS" signature="tearDown()[pri:0, instance:com.test.Testcase1@457e2f02]" name="tearDown" is-config="true" duration-ms="890" started-at="2018-09-28T11:36:33Z" finished-at="2018-09-28T11:36:34Z">
          <reporter-output>
          </reporter-output>
        </test-method> <!-- tearDown -->
      </class> <!-- com.test.Testcase1 -->
    </test> <!-- Default test -->
  </suite> <!-- Default suite -->
</testng-results>
