<?xml version="1.0" encoding="UTF-8"?>
<testng-results skipped="0" failed="0" ignored="0" total="1" passed="1">
  <reporter-output>
  </reporter-output>
  <suite name="Default suite" duration-ms="50550" started-at="2018-10-11T13:08:36Z" finished-at="2018-10-11T13:09:26Z">
    <groups>
    </groups>
    <test name="Default test" duration-ms="50550" started-at="2018-10-11T13:08:36Z" finished-at="2018-10-11T13:09:26Z">
      <class name="com.test.Testcase1">
        <test-method status="PASS" signature="setUp()[pri:0, instance:com.test.Testcase1@457e2f02]" name="setUp" is-config="true" duration-ms="16779" started-at="2018-10-11T18:38:36Z" finished-at="2018-10-11T18:38:53Z">
          <reporter-output>
          </reporter-output>
        </test-method> <!-- setUp -->
        <test-method status="PASS" signature="TestMethod1()[pri:0, instance:com.test.Testcase1@457e2f02]" name="TestMethod1" duration-ms="32157" started-at="2018-10-11T18:38:53Z" finished-at="2018-10-11T18:39:25Z">
          <reporter-output>
          </reporter-output>
        </test-method> <!-- TestMethod1 -->
        <test-method status="PASS" signature="tearDown()[pri:0, instance:com.test.Testcase1@457e2f02]" name="tearDown" is-config="true" duration-ms="1578" started-at="2018-10-11T18:39:25Z" finished-at="2018-10-11T18:39:26Z">
          <reporter-output>
          </reporter-output>
        </test-method> <!-- tearDown -->
      </class> <!-- com.test.Testcase1 -->
    </test> <!-- Default test -->
  </suite> <!-- Default suite -->
</testng-results>
